<?xml version="1.0" encoding="UTF-8"?>
<testng-results ignored="7" total="9" passed="2" failed="0" skipped="0">
  <reporter-output>
  </reporter-output>
  <suite started-at="2021-10-20T14:39:58 IST" name="Default suite" finished-at="2021-10-20T14:41:10 IST" duration-ms="71622">
    <groups>
    </groups>
    <test started-at="2021-10-20T14:39:58 IST" name="Default test" finished-at="2021-10-20T14:41:10 IST" duration-ms="71622">
      <class name="Qualitest.QualiCoachAssignment.StudentTest">
        <test-method is-config="true" signature="init()[pri:0, instance:Qualitest.QualiCoachAssignment.StudentTest@1e1a0406]" started-at="2021-10-20T14:39:58 IST" name="init" finished-at="2021-10-20T14:40:01 IST" duration-ms="3437" status="PASS">
          <reporter-output>
          </reporter-output>
        </test-method> <!-- init -->
        <test-method signature="validstudentPageAutomation()[pri:0, instance:Qualitest.QualiCoachAssignment.StudentTest@1e1a0406]" started-at="2021-10-20T14:40:02 IST" name="validstudentPageAutomation" finished-at="2021-10-20T14:40:48 IST" duration-ms="46700" status="PASS">
          <reporter-output>
          </reporter-output>
        </test-method> <!-- validstudentPageAutomation -->
        <test-method signature="badgeAndFeedback()[pri:0, instance:Qualitest.QualiCoachAssignment.StudentTest@1e1a0406]" started-at="2021-10-20T14:40:48 IST" name="badgeAndFeedback" finished-at="2021-10-20T14:41:10 IST" depends-on-methods="Qualitest.QualiCoachAssignment.StudentTest.validstudentPageAutomation" duration-ms="21422" status="PASS">
          <reporter-output>
          </reporter-output>
        </test-method> <!-- badgeAndFeedback -->
      </class> <!-- Qualitest.QualiCoachAssignment.StudentTest -->
    </test> <!-- Default test -->
  </suite> <!-- Default suite -->
</testng-results>
