<?xml version="1.0" encoding="UTF-8"?>
<!-- Generated by org.testng.reporters.JUnitXMLReporter -->
<testsuite ignored="7" hostname="LenovoV310" failures="0" tests="2" name="Default test" time="71.622" errors="0" timestamp="2021-10-20T14:41:10 IST">
  <testcase classname="Qualitest.QualiCoachAssignment.StudentTest" name="validstudentPageAutomation" time="46.7"/>
  <testcase classname="Qualitest.QualiCoachAssignment.StudentTest" name="badgeAndFeedback" time="21.422"/>
  <testcase classname="Qualitest.QualiCoachAssignment.StudentTest" name="enroleToCourse" time="0.0">
    <ignored/>
  </testcase> <!-- enroleToCourse -->
  <testcase classname="Qualitest.QualiCoachAssignment.StudentTest" name="emptyFields" time="0.0">
    <ignored/>
  </testcase> <!-- emptyFields -->
  <testcase classname="Qualitest.QualiCoachAssignment.StudentTest" name="inValidPassword" time="0.0">
    <ignored/>
  </testcase> <!-- inValidPassword -->
  <testcase classname="Qualitest.QualiCoachAssignment.StudentTest" name="numericValues" time="0.0">
    <ignored/>
  </testcase> <!-- numericValues -->
  <testcase classname="Qualitest.QualiCoachAssignment.StudentTest" name="editProfile" time="0.0">
    <ignored/>
  </testcase> <!-- editProfile -->
  <testcase classname="Qualitest.QualiCoachAssignment.StudentTest" name="getCertificate" time="0.0">
    <ignored/>
  </testcase> <!-- getCertificate -->
  <testcase classname="Qualitest.QualiCoachAssignment.StudentTest" name="inValidUsername" time="0.0">
    <ignored/>
  </testcase> <!-- inValidUsername -->
</testsuite> <!-- Default test -->
