<?xml version="1.0" encoding="UTF-8"?>
<!-- Generated by org.testng.reporters.JUnitXMLReporter -->
<testsuite ignored="1" hostname="LenovoV310" failures="0" tests="2" name="Default test" time="59.467" errors="0" timestamp="2021-10-19T10:24:15 IST">
  <testcase classname="Qualitest.QualiCoachAssignment.AdminTest" name="validAdminPageAutomation" time="42.347"/>
  <testcase classname="Qualitest.QualiCoachAssignment.AdminTest" name="editUsersInformation" time="11.981"/>
  <testcase classname="Qualitest.QualiCoachAssignment.AdminTest" name="createNewUser" time="0.0">
    <ignored/>
  </testcase> <!-- createNewUser -->
</testsuite> <!-- Default test -->
