<?xml version="1.0" encoding="UTF-8"?>
<!-- Generated by org.testng.reporters.JUnitXMLReporter -->
<testsuite ignored="0" hostname="LenovoV310" failures="0" tests="9" name="AdminTest" time="197.759" errors="0" timestamp="2021-10-21T07:44:21 IST">
  <testcase classname="Qualitest.QualiCoachAssignment.AdminTest" name="alphanumericValues" time="9.328"/>
  <testcase classname="Qualitest.QualiCoachAssignment.AdminTest" name="emptyFields" time="5.195"/>
  <testcase classname="Qualitest.QualiCoachAssignment.AdminTest" name="inValidPassword" time="5.585"/>
  <testcase classname="Qualitest.QualiCoachAssignment.AdminTest" name="inValidUsername" time="6.282"/>
  <testcase classname="Qualitest.QualiCoachAssignment.AdminTest" name="validAdminPageAutomation" time="28.057"/>
  <testcase classname="Qualitest.QualiCoachAssignment.AdminTest" name="addCourse" time="62.424"/>
  <testcase classname="Qualitest.QualiCoachAssignment.AdminTest" name="createNewUser" time="27.053"/>
  <testcase classname="Qualitest.QualiCoachAssignment.AdminTest" name="editUsersInformation" time="23.027"/>
  <testcase classname="Qualitest.QualiCoachAssignment.AdminTest" name="deleteUser" time="25.951"/>
</testsuite> <!-- AdminTest -->
