<?xml version="1.0" encoding="UTF-8"?>
<!-- Generated by org.testng.reporters.JUnitXMLReporter -->
<testsuite ignored="0" hostname="LenovoV310" failures="0" tests="9" name="StudentTest" time="128.161" errors="0" timestamp="2021-10-22T11:52:33 IST">
  <testcase classname="Qualitest.QualiCoachAssignment.StudentTest" name="emptyFields" time="9.78"/>
  <testcase classname="Qualitest.QualiCoachAssignment.StudentTest" name="inValidPassword" time="4.442"/>
  <testcase classname="Qualitest.QualiCoachAssignment.StudentTest" name="inValidUsername" time="5.189"/>
  <testcase classname="Qualitest.QualiCoachAssignment.StudentTest" name="numericValues" time="5.504"/>
  <testcase classname="Qualitest.QualiCoachAssignment.StudentTest" name="validstudentPageAutomation" time="39.494"/>
  <testcase classname="Qualitest.QualiCoachAssignment.StudentTest" name="editProfile" time="22.484"/>
  <testcase classname="Qualitest.QualiCoachAssignment.StudentTest" name="enroleToCourse" time="12.678"/>
  <testcase classname="Qualitest.QualiCoachAssignment.StudentTest" name="getFeedbackBadge" time="15.44"/>
  <testcase classname="Qualitest.QualiCoachAssignment.StudentTest" name="getFeedbackCertificate" time="11.602"/>
</testsuite> <!-- StudentTest -->
